{
  "RSpec": {
    "coverage": {
      "/Users/firatokay/investment-portfolio-rails/app/helpers/application_helper.rb": {
        "lines": [
          1,
          null
        ]
      },
      "/Users/firatokay/investment-portfolio-rails/app/helpers/home_helper.rb": {
        "lines": [
          1,
          null
        ]
      },
      "/Users/firatokay/investment-portfolio-rails/app/helpers/portfolios_helper.rb": {
        "lines": [
          1,
          null
        ]
      },
      "/Users/firatokay/investment-portfolio-rails/app/helpers/positions_helper.rb": {
        "lines": [
          1,
          null
        ]
      },
      "/Users/firatokay/investment-portfolio-rails/app/jobs/fetch_commodity_prices_job.rb": {
        "lines": [
          null,
          null,
          1,
          1,
          null,
          null,
          1,
          null,
          1,
          8,
          null,
          8,
          8,
          null,
          6,
          null,
          null,
          6,
          2,
          null,
          null,
          6,
          null,
          2,
          2,
          2,
          null,
          null
        ]
      },
      "/Users/firatokay/investment-portfolio-rails/app/jobs/application_job.rb": {
        "lines": [
          1,
          null,
          null,
          null,
          null,
          null,
          null
        ]
      },
      "/Users/firatokay/investment-portfolio-rails/app/services/market_data/twelve_data_provider.rb": {
        "lines": [
          null,
          null,
          1,
          1,
          1,
          1,
          null,
          1,
          741,
          741,
          null,
          null,
          null,
          null,
          null,
          1,
          4,
          4,
          null,
          null,
          null,
          null,
          null,
          null,
          null,
          1,
          3,
          null,
          null,
          null,
          null,
          3,
          null,
          null,
          null,
          null,
          null,
          1,
          1,
          null,
          null,
          null,
          1,
          null,
          null,
          null,
          null,
          null,
          1,
          1,
          1,
          null,
          null,
          null,
          null,
          null,
          null,
          null,
          1,
          2,
          null,
          null,
          null,
          2,
          null,
          null,
          null,
          null,
          null,
          null,
          1,
          1,
          null,
          null,
          1,
          null,
          null,
          null,
          null,
          1,
          1,
          1,
          null,
          null,
          null,
          null,
          1,
          1,
          1,
          null,
          null,
          null,
          null,
          1,
          1,
          1,
          null,
          null,
          null,
          null,
          null,
          1,
          2,
          2,
          2,
          2,
          null,
          null,
          1,
          null,
          1,
          null,
          17,
          null,
          null,
          null,
          null,
          1,
          17,
          16,
          null,
          null,
          16,
          2,
          null,
          null,
          14,
          null,
          1,
          null,
          null,
          1,
          null,
          null,
          0,
          null,
          null,
          1,
          null,
          null
        ]
      },
      "/Users/firatokay/investment-portfolio-rails/app/jobs/fetch_cryptocurrency_prices_job.rb": {
        "lines": [
          null,
          null,
          1,
          1,
          null,
          null,
          1,
          null,
          1,
          8,
          null,
          8,
          8,
          null,
          6,
          null,
          null,
          6,
          2,
          null,
          null,
          6,
          null,
          2,
          2,
          2,
          null,
          null
        ]
      },
      "/Users/firatokay/investment-portfolio-rails/app/jobs/fetch_forex_rates_job.rb": {
        "lines": [
          null,
          null,
          1,
          1,
          null,
          null,
          1,
          null,
          1,
          8,
          null,
          8,
          8,
          null,
          6,
          null,
          null,
          6,
          2,
          null,
          null,
          6,
          null,
          2,
          2,
          2,
          null,
          null
        ]
      },
      "/Users/firatokay/investment-portfolio-rails/app/jobs/fetch_stock_prices_job.rb": {
        "lines": [
          null,
          null,
          1,
          1,
          null,
          null,
          1,
          null,
          1,
          9,
          null,
          9,
          9,
          null,
          7,
          null,
          null,
          7,
          2,
          null,
          null,
          7,
          null,
          2,
          2,
          2,
          null,
          null
        ]
      },
      "/Users/firatokay/investment-portfolio-rails/app/models/asset_metadata.rb": {
        "lines": [
          1,
          1,
          null,
          1,
          null,
          null,
          null,
          null,
          null,
          null
        ]
      },
      "/Users/firatokay/investment-portfolio-rails/app/models/application_record.rb": {
        "lines": [
          1,
          1,
          null
        ]
      },
      "/Users/firatokay/investment-portfolio-rails/app/models/asset.rb": {
        "lines": [
          1,
          1,
          1,
          1,
          null,
          1,
          1,
          1,
          1,
          null,
          null,
          1,
          null,
          null,
          null,
          null,
          null,
          null,
          null,
          null,
          null,
          1,
          null,
          null,
          null,
          null,
          null,
          null,
          null,
          null,
          1,
          825,
          null,
          null,
          null,
          1,
          3,
          2,
          null,
          null,
          null,
          1,
          64,
          null,
          null,
          19,
          18,
          null,
          1,
          null,
          null,
          2,
          null,
          21,
          null,
          1,
          null,
          21,
          null,
          0,
          null,
          null,
          null,
          null,
          1,
          6,
          null,
          1,
          null,
          1,
          null,
          4,
          null,
          null,
          null
        ]
      },
      "/Users/firatokay/investment-portfolio-rails/app/models/currency_rate.rb": {
        "lines": [
          1,
          1,
          1,
          1,
          null,
          null,
          1,
          3,
          null,
          2,
          null,
          null,
          null,
          2,
          null,
          null,
          null,
          1,
          3,
          null,
          2,
          2,
          null,
          null
        ]
      },
      "/Users/firatokay/investment-portfolio-rails/app/models/portfolio.rb": {
        "lines": [
          1,
          1,
          1,
          1,
          null,
          1,
          1,
          null,
          null,
          null,
          1,
          36,
          null,
          null,
          null,
          1,
          1350,
          null,
          null,
          null,
          1,
          11,
          null,
          null
        ]
      },
      "/Users/firatokay/investment-portfolio-rails/app/models/position.rb": {
        "lines": [
          1,
          1,
          1,
          1,
          null,
          1,
          1,
          1,
          1,
          null,
          1,
          null,
          null,
          1,
          null,
          1,
          null,
          1,
          null,
          196,
          null,
          null,
          1,
          3,
          null,
          1,
          null,
          null,
          1,
          null,
          null,
          null,
          0,
          null,
          null,
          1,
          null,
          null,
          0,
          null,
          null,
          null,
          0,
          null,
          0,
          null,
          null,
          1,
          null,
          null,
          null,
          0,
          0,
          null,
          0,
          0,
          null,
          null,
          null,
          null,
          0,
          null,
          0,
          0,
          null,
          null,
          null,
          null,
          null,
          null,
          null,
          0,
          null,
          null,
          null,
          1,
          null,
          1,
          null,
          null,
          1,
          null,
          null,
          1,
          407,
          405,
          null,
          null,
          null,
          null,
          1,
          405,
          405,
          null,
          null,
          404,
          25,
          null,
          379,
          null,
          null,
          null,
          null,
          null,
          null,
          null,
          null,
          1,
          259,
          null,
          null,
          null,
          1,
          258,
          null,
          null,
          258,
          56,
          null,
          null,
          202,
          null,
          null,
          null,
          null,
          null,
          null,
          null,
          null,
          1,
          98,
          null,
          null,
          null,
          1,
          45,
          44,
          null,
          null,
          null,
          1,
          25,
          25,
          24,
          null,
          null
        ]
      },
      "/Users/firatokay/investment-portfolio-rails/app/models/price_history.rb": {
        "lines": [
          1,
          1,
          null,
          1,
          1,
          1,
          null,
          1,
          2,
          null,
          null,
          1,
          3,
          null,
          null
        ]
      },
      "/Users/firatokay/investment-portfolio-rails/app/models/transaction.rb": {
        "lines": [
          1,
          1,
          null,
          1,
          1,
          1,
          null,
          1,
          null,
          null,
          null,
          null,
          null,
          null,
          null,
          null,
          1,
          null,
          1,
          null,
          1,
          0,
          null,
          0,
          0,
          null,
          0,
          0,
          null,
          0,
          0,
          0,
          0,
          0,
          0,
          null,
          null,
          null,
          0,
          null,
          0,
          null,
          null,
          null
        ]
      },
      "/Users/firatokay/investment-portfolio-rails/app/models/user.rb": {
        "lines": [
          1,
          null,
          null,
          1,
          null,
          null,
          null,
          1,
          null,
          null,
          1,
          null,
          null,
          1,
          42,
          null,
          null
        ]
      },
      "/Users/firatokay/investment-portfolio-rails/app/services/ai/portfolio_advisor.rb": {
        "lines": [
          null,
          1,
          1,
          1,
          41,
          41,
          null,
          null,
          1,
          8,
          null,
          7,
          7,
          null,
          7,
          null,
          null,
          7,
          null,
          null,
          null,
          null,
          null,
          null,
          null,
          null,
          null,
          null,
          null,
          5,
          null,
          null,
          null,
          null,
          2,
          null,
          2,
          null,
          null,
          null,
          null,
          null,
          1,
          null,
          1,
          18,
          36,
          36,
          36,
          36,
          36,
          null,
          null,
          36,
          null,
          null,
          null,
          null,
          null,
          null,
          null,
          null,
          null,
          null,
          36,
          null,
          null,
          null,
          18,
          36,
          36,
          null,
          null,
          54,
          18,
          18,
          null,
          null,
          18,
          null,
          null,
          null,
          null,
          null,
          null,
          null,
          null,
          null,
          null,
          1,
          null,
          12,
          25,
          25,
          null,
          25,
          24,
          24,
          24,
          null,
          null,
          24,
          null,
          null,
          null,
          24,
          null,
          null,
          null,
          1,
          null,
          null,
          null,
          null,
          null,
          null,
          null,
          12,
          null,
          null,
          null,
          null,
          1,
          10,
          null,
          null,
          null,
          null,
          null,
          null,
          null,
          null,
          null,
          null,
          null,
          null,
          null,
          null,
          null,
          null,
          null,
          null,
          null,
          null,
          null,
          null,
          null,
          null,
          null,
          null,
          null,
          null,
          null,
          null,
          null,
          null,
          null,
          null,
          1,
          14,
          18,
          17,
          null,
          1,
          null,
          null,
          null,
          18,
          null,
          null,
          null,
          null,
          null,
          null,
          null,
          null,
          null,
          null,
          null,
          1,
          14,
          21,
          1,
          null,
          20,
          20,
          null,
          null,
          null,
          null,
          null
        ]
      },
      "/Users/firatokay/investment-portfolio-rails/app/services/currency_converter_service.rb": {
        "lines": [
          null,
          null,
          1,
          1,
          712,
          null,
          null,
          null,
          null,
          null,
          null,
          null,
          null,
          1,
          624,
          622,
          null,
          621,
          621,
          null,
          599,
          null,
          null,
          null,
          null,
          null,
          null,
          null,
          1,
          628,
          null,
          null,
          627,
          627,
          null,
          null,
          26,
          26,
          null,
          null,
          24,
          4,
          null,
          20,
          null,
          null,
          null,
          null,
          null,
          null,
          null,
          1,
          3,
          7,
          null,
          null,
          null,
          null,
          null,
          null,
          null,
          null,
          null,
          null,
          null,
          null,
          1,
          null,
          0,
          null,
          null,
          0,
          0,
          null,
          0,
          null,
          null,
          null,
          null,
          null,
          null,
          null,
          null,
          null,
          null,
          1,
          3,
          null,
          3,
          4,
          4,
          null,
          null,
          3,
          null,
          null,
          null,
          null,
          1,
          581,
          null,
          580,
          580,
          null,
          null,
          1,
          null,
          null,
          null,
          null,
          null,
          null,
          1,
          null,
          656,
          null,
          null,
          null,
          null,
          null,
          656,
          null,
          null,
          53,
          13,
          null,
          null,
          null,
          null,
          13,
          null,
          null,
          null,
          null,
          null,
          null,
          null,
          null,
          null,
          1,
          7,
          null,
          null,
          null,
          null,
          5,
          null,
          2,
          2,
          null,
          null
        ]
      },
      "/Users/firatokay/investment-portfolio-rails/app/services/market_data/commodity_data_service.rb": {
        "lines": [
          null,
          null,
          1,
          1,
          null,
          1,
          null,
          null,
          null,
          null,
          null,
          1,
          43,
          null,
          null,
          null,
          null,
          null,
          1,
          13,
          null,
          12,
          12,
          null,
          null,
          null,
          null,
          null,
          null,
          1,
          9,
          null,
          8,
          8,
          null,
          8,
          null,
          6,
          null,
          6,
          12,
          null,
          12,
          12,
          null,
          null,
          null,
          null,
          null,
          null,
          null,
          null,
          12,
          12,
          null,
          0,
          null,
          null,
          null,
          6,
          null,
          null,
          null,
          null,
          null,
          1,
          8,
          null,
          7,
          7,
          null,
          6,
          null,
          6,
          6,
          null,
          null,
          null,
          null,
          null,
          null,
          null,
          null,
          6,
          null,
          null,
          null,
          null,
          1,
          8,
          null,
          8,
          32,
          32,
          null,
          null,
          null,
          null,
          null,
          null,
          32,
          null,
          32,
          32,
          null,
          null,
          null,
          null,
          null,
          32,
          null,
          32,
          32,
          null,
          0,
          null,
          null,
          null,
          8,
          null,
          null,
          null,
          null,
          1,
          5,
          null,
          5,
          null,
          5,
          null,
          15,
          9,
          9,
          null,
          6,
          6,
          6,
          null,
          null,
          null,
          5,
          null,
          null,
          null,
          null,
          null,
          null,
          null,
          1,
          0,
          null,
          null,
          null,
          null,
          null,
          null,
          1,
          5,
          null,
          4,
          4,
          null,
          3,
          null,
          3,
          3,
          null,
          null,
          3,
          3,
          2,
          null,
          3,
          null,
          0,
          null,
          null,
          null,
          3,
          null,
          null,
          null
        ]
      },
      "/Users/firatokay/investment-portfolio-rails/app/services/market_data/cryptocurrency_data_service.rb": {
        "lines": [
          null,
          null,
          1,
          1,
          null,
          1,
          null,
          null,
          null,
          null,
          null,
          null,
          null,
          null,
          null,
          1,
          43,
          null,
          null,
          null,
          null,
          null,
          1,
          13,
          null,
          12,
          12,
          null,
          null,
          null,
          null,
          null,
          null,
          1,
          9,
          null,
          8,
          8,
          null,
          8,
          null,
          6,
          null,
          6,
          12,
          null,
          12,
          12,
          null,
          null,
          null,
          null,
          null,
          null,
          null,
          null,
          12,
          12,
          null,
          0,
          null,
          null,
          null,
          6,
          null,
          null,
          null,
          null,
          null,
          1,
          8,
          null,
          7,
          7,
          null,
          6,
          null,
          6,
          6,
          null,
          null,
          null,
          null,
          null,
          null,
          null,
          null,
          6,
          null,
          null,
          null,
          null,
          1,
          8,
          null,
          8,
          64,
          64,
          null,
          null,
          null,
          null,
          null,
          null,
          64,
          null,
          64,
          64,
          null,
          null,
          null,
          null,
          64,
          null,
          64,
          64,
          null,
          0,
          null,
          null,
          null,
          8,
          null,
          null,
          null,
          null,
          1,
          5,
          null,
          5,
          null,
          5,
          null,
          15,
          9,
          9,
          null,
          6,
          6,
          6,
          null,
          null,
          null,
          5,
          null,
          null,
          null,
          null,
          null,
          null,
          1,
          5,
          null,
          4,
          4,
          null,
          3,
          null,
          3,
          3,
          null,
          null,
          3,
          3,
          2,
          null,
          3,
          null,
          0,
          null,
          null,
          null,
          3,
          null,
          null,
          null
        ]
      },
      "/Users/firatokay/investment-portfolio-rails/app/services/market_data/forex_data_service.rb": {
        "lines": [
          null,
          null,
          1,
          1,
          null,
          null,
          1,
          null,
          null,
          null,
          null,
          null,
          1,
          756,
          null,
          null,
          null,
          null,
          null,
          null,
          1,
          16,
          null,
          null,
          null,
          null,
          null,
          null,
          1,
          1,
          1,
          null,
          null,
          null,
          null,
          null,
          null,
          null,
          1,
          15,
          null,
          15,
          null,
          10,
          null,
          null,
          null,
          null,
          null,
          10,
          null,
          10,
          null,
          10,
          8,
          8,
          null,
          2,
          null,
          null,
          null,
          null,
          null,
          null,
          null,
          null,
          null,
          1,
          6,
          6,
          null,
          6,
          null,
          4,
          null,
          4,
          12,
          null,
          12,
          null,
          null,
          null,
          null,
          null,
          12,
          null,
          12,
          11,
          null,
          1,
          null,
          null,
          null,
          4,
          null,
          null,
          null,
          null,
          1,
          5,
          null,
          5,
          20,
          null,
          20,
          20,
          null,
          null,
          null,
          null,
          null,
          null,
          20,
          null,
          20,
          20,
          null,
          null,
          null,
          null,
          null,
          20,
          null,
          20,
          20,
          null,
          0,
          null,
          null,
          null,
          5,
          null,
          null,
          null,
          null,
          1,
          4,
          null,
          4,
          null,
          16,
          8,
          8,
          null,
          8,
          8,
          8,
          null,
          null,
          null,
          4,
          null,
          null,
          null,
          null,
          null,
          null,
          null,
          1,
          null,
          9,
          null,
          null,
          null,
          null,
          9,
          3,
          null,
          null,
          null,
          6,
          6,
          null,
          null,
          null,
          null,
          null,
          null,
          null,
          1,
          3,
          null,
          2,
          2,
          null,
          1,
          null,
          null,
          null
        ]
      },
      "/Users/firatokay/investment-portfolio-rails/app/services/market_data/historical_price_fetcher.rb": {
        "lines": [
          null,
          null,
          1,
          1,
          null,
          null,
          null,
          null,
          1,
          11,
          null,
          5,
          null,
          1,
          null,
          3,
          3,
          null,
          null,
          null,
          null,
          null,
          null,
          3,
          3,
          null,
          1,
          null,
          1,
          1,
          null,
          0,
          0,
          null,
          null,
          1,
          1,
          null,
          1,
          1,
          null,
          null,
          null,
          null,
          null,
          null,
          1,
          5,
          null,
          null,
          5,
          5,
          null,
          5,
          null,
          10,
          8,
          6,
          6,
          null,
          2,
          2,
          null,
          null,
          null,
          8,
          null,
          2,
          2,
          2,
          null,
          null,
          null,
          5,
          null,
          null,
          null,
          null,
          null,
          null,
          1,
          2,
          null,
          2,
          2,
          null,
          2,
          null,
          4,
          4,
          4,
          4,
          null,
          0,
          0,
          null,
          null,
          null,
          4,
          null,
          0,
          0,
          0,
          null,
          null,
          null,
          2,
          null,
          null,
          null,
          null,
          null,
          null,
          null,
          1,
          null,
          3,
          null,
          null,
          null,
          null,
          null,
          3,
          3,
          null,
          3,
          16,
          16,
          null,
          16,
          16,
          16,
          16,
          null,
          null,
          3,
          null,
          null,
          null,
          null,
          null,
          1,
          5,
          10,
          null,
          null,
          null,
          null,
          null,
          null,
          null,
          1,
          3,
          null,
          null,
          3,
          null,
          null,
          null,
          null,
          null,
          3,
          null,
          3,
          2,
          2,
          2,
          null,
          0,
          0,
          null,
          null,
          null,
          2,
          null,
          1,
          1,
          null,
          null,
          null,
          3,
          null,
          null,
          1,
          null,
          null,
          1,
          5,
          null,
          null,
          null,
          null,
          5,
          5,
          25,
          25,
          null,
          null,
          null,
          null,
          null,
          null,
          null,
          25,
          null,
          null,
          5,
          5,
          null,
          null,
          null
        ]
      },
      "/Users/firatokay/investment-portfolio-rails/app/services/market_data/stock_data_service.rb": {
        "lines": [
          null,
          null,
          1,
          1,
          1,
          34,
          null,
          null,
          null,
          null,
          null,
          1,
          11,
          null,
          10,
          10,
          null,
          null,
          null,
          null,
          null,
          null,
          1,
          9,
          null,
          8,
          8,
          null,
          8,
          null,
          6,
          null,
          6,
          12,
          null,
          12,
          12,
          null,
          null,
          null,
          null,
          null,
          null,
          null,
          null,
          12,
          12,
          null,
          0,
          null,
          null,
          null,
          6,
          null,
          null,
          null,
          null,
          null,
          1,
          8,
          null,
          7,
          7,
          null,
          6,
          null,
          6,
          6,
          null,
          null,
          null,
          null,
          null,
          null,
          null,
          null,
          6,
          null,
          null,
          null,
          null,
          1,
          null,
          5,
          null,
          null,
          null,
          null,
          null,
          null,
          null,
          null,
          null,
          null,
          null,
          5,
          null,
          5,
          50,
          50,
          null,
          null,
          null,
          null,
          null,
          50,
          null,
          50,
          50,
          50,
          null,
          50,
          50,
          null,
          0,
          null,
          null,
          null,
          5,
          null,
          null,
          null,
          null,
          null,
          1,
          6,
          6,
          null,
          6,
          null,
          6,
          null,
          17,
          11,
          11,
          null,
          6,
          6,
          6,
          null,
          null,
          null,
          6,
          null,
          null,
          null
        ]
      },
      "/Users/firatokay/investment-portfolio-rails/app/services/portfolio_analytics_service.rb": {
        "lines": [
          null,
          1,
          1,
          null,
          1,
          34,
          null,
          null,
          null,
          1,
          122,
          null,
          null,
          null,
          1,
          36,
          null,
          null,
          null,
          1,
          14,
          null,
          null,
          null,
          1,
          8,
          7,
          null,
          null,
          null,
          null,
          1,
          19,
          null,
          18,
          44,
          26,
          26,
          26,
          null,
          null,
          null,
          null,
          null,
          null,
          18,
          null,
          null,
          null,
          1,
          9,
          null,
          9,
          19,
          10,
          10,
          10,
          null,
          null,
          null,
          null,
          null,
          null,
          9,
          null,
          null,
          null,
          1,
          8,
          null,
          12,
          10,
          null,
          10,
          null,
          null,
          null,
          1,
          8,
          null,
          12,
          4,
          null,
          4,
          null,
          null,
          null,
          1,
          7,
          null,
          9,
          null,
          9,
          null,
          null,
          null,
          null,
          1,
          9,
          9,
          null,
          null,
          null,
          null,
          20,
          8,
          8,
          null,
          null,
          8,
          6,
          null,
          2,
          2,
          null,
          null,
          null,
          null,
          null,
          1,
          3,
          3,
          null,
          3,
          3,
          70,
          70,
          null,
          null,
          3,
          null,
          null,
          null,
          1,
          35,
          7,
          10,
          6,
          6,
          6,
          0,
          null,
          null,
          35,
          35,
          null,
          35,
          null,
          4,
          4,
          null,
          null,
          4,
          null,
          null,
          null,
          null,
          null,
          null,
          null,
          null,
          null,
          null,
          1,
          null,
          6,
          null,
          null,
          null,
          null,
          null,
          null,
          null,
          null,
          null,
          null,
          null,
          null,
          null,
          null,
          null,
          null,
          null,
          null,
          null,
          null,
          null,
          null,
          null,
          null,
          null,
          null,
          null,
          null,
          null,
          1,
          null,
          null,
          1,
          105,
          105,
          null,
          105,
          null,
          105,
          105,
          null,
          null,
          29,
          null,
          null,
          29,
          0,
          null,
          29,
          null,
          null,
          null,
          null,
          null,
          29,
          null,
          null,
          null,
          105,
          null,
          null,
          null,
          1,
          null,
          23,
          null,
          null,
          null,
          null,
          null,
          null,
          null,
          null,
          null,
          null,
          null,
          null
        ]
      },
      "/Users/firatokay/investment-portfolio-rails/app/controllers/analytics_controller.rb": {
        "lines": [
          1,
          1,
          1,
          1,
          null,
          null,
          1,
          1,
          1,
          1,
          2,
          null,
          null,
          null,
          null,
          1,
          3,
          3,
          null,
          3,
          6,
          null,
          null,
          null,
          null,
          1,
          null,
          2,
          null,
          null,
          null,
          2,
          4,
          null,
          null,
          null,
          null,
          1,
          3,
          3,
          null,
          3,
          6,
          null,
          null,
          null,
          1,
          null,
          1,
          11,
          null,
          null,
          1,
          11,
          2,
          null,
          null,
          null
        ]
      },
      "/Users/firatokay/investment-portfolio-rails/app/controllers/application_controller.rb": {
        "lines": [
          1,
          null,
          1,
          null,
          null,
          1,
          null,
          1,
          null,
          1,
          0,
          0,
          null,
          null
        ]
      },
      "/Users/firatokay/investment-portfolio-rails/app/controllers/portfolios_controller.rb": {
        "lines": [
          1,
          1,
          1,
          1,
          null,
          1,
          8,
          null,
          null,
          1,
          null,
          null,
          10,
          null,
          null,
          1,
          2,
          null,
          null,
          1,
          7,
          null,
          7,
          4,
          null,
          3,
          null,
          null,
          null,
          1,
          null,
          null,
          null,
          1,
          6,
          3,
          null,
          3,
          null,
          null,
          null,
          1,
          3,
          3,
          null,
          null,
          1,
          4,
          4,
          null,
          4,
          2,
          null,
          null,
          null,
          null,
          null,
          2,
          null,
          null,
          null,
          null,
          null,
          null,
          1,
          null,
          1,
          30,
          null,
          null,
          1,
          30,
          5,
          null,
          null,
          null,
          1,
          13,
          null,
          null,
          null,
          1,
          null,
          10,
          null,
          null,
          null,
          10,
          null,
          10,
          null,
          20,
          null,
          null,
          null,
          null,
          null,
          20,
          null,
          18,
          null,
          null,
          null,
          16,
          null,
          2,
          null,
          null,
          null,
          null,
          null
        ]
      },
      "/Users/firatokay/investment-portfolio-rails/app/controllers/positions_controller.rb": {
        "lines": [
          1,
          1,
          1,
          1,
          1,
          null,
          1,
          1,
          null,
          null,
          1,
          1,
          null,
          null,
          1,
          3,
          3,
          null,
          null,
          1,
          7,
          null,
          7,
          4,
          null,
          3,
          3,
          null,
          null,
          null,
          1,
          2,
          null,
          null,
          1,
          5,
          3,
          null,
          2,
          2,
          null,
          null,
          null,
          1,
          3,
          3,
          null,
          null,
          1,
          null,
          3,
          null,
          3,
          4,
          5,
          null,
          null,
          null,
          1,
          5,
          4,
          null,
          null,
          3,
          null,
          3,
          1,
          null,
          null,
          null,
          null,
          1,
          null,
          null,
          null,
          2,
          2,
          null,
          null,
          2,
          null,
          2,
          0,
          null,
          null,
          null,
          null,
          null,
          null,
          2,
          null,
          null,
          null,
          null,
          2,
          1,
          null,
          null,
          null,
          null,
          null,
          null,
          1,
          null,
          null,
          null,
          null,
          null,
          1,
          null,
          1,
          null,
          null,
          1,
          null,
          1,
          null,
          3,
          3,
          null,
          null,
          3,
          null,
          null,
          null,
          null,
          3,
          0,
          0,
          null,
          null,
          null,
          null,
          null,
          3,
          null,
          9,
          null,
          null,
          9,
          9,
          null,
          0,
          null,
          null,
          null,
          null,
          null,
          null,
          null,
          9,
          null,
          null,
          9,
          9,
          null,
          null,
          9,
          null,
          null,
          null,
          null,
          null,
          null,
          null,
          null,
          null,
          3,
          null,
          null,
          null,
          null,
          null,
          null,
          null,
          null,
          null,
          null,
          null,
          null,
          null,
          null,
          null,
          null,
          1,
          39,
          null,
          null,
          1,
          39,
          9,
          null,
          null,
          null,
          1,
          14,
          null,
          null,
          1,
          12,
          null,
          null
        ]
      },
      "/Users/firatokay/investment-portfolio-rails/app/controllers/home_controller.rb": {
        "lines": [
          0,
          0,
          0,
          0,
          0,
          0,
          0
        ],
        "branches": {}
      },
      "/Users/firatokay/investment-portfolio-rails/app/mailers/application_mailer.rb": {
        "lines": [
          0,
          0,
          0,
          0
        ],
        "branches": {}
      },
      "/Users/firatokay/investment-portfolio-rails/app/workers/market_data_update_worker.rb": {
        "lines": [
          null,
          0,
          0,
          null,
          0,
          null,
          0,
          0,
          0,
          0,
          0,
          0,
          0,
          0,
          0,
          0,
          0,
          0,
          0,
          null,
          0,
          null,
          0,
          0,
          null,
          0,
          0,
          0,
          0,
          0,
          0,
          0,
          null,
          0,
          0,
          null,
          0,
          0,
          0,
          0,
          0,
          0,
          0,
          null,
          0,
          0,
          0,
          0,
          0,
          0,
          0,
          null,
          0,
          0,
          0,
          0,
          0,
          0,
          null,
          0,
          0,
          null,
          0,
          0,
          null,
          0,
          0,
          null,
          0,
          0,
          0,
          null,
          0,
          0,
          0,
          0,
          0,
          0,
          0,
          null,
          0,
          0,
          0,
          0,
          0,
          0,
          null,
          0,
          0,
          0
        ],
        "branches": {}
      }
    },
    "timestamp": 1763999784
  }
}
